:: loading settings :: url = jar:file:/opt/bitnami/spark/jars/ivy-2.4.0.jar!/org/apache/ivy/core/settings/ivysettings.xml
Ivy Default Cache set to: /opt/bitnami/spark/.ivy2/cache
The jars for the packages stored in: /opt/bitnami/spark/.ivy2/jars
org.apache.spark#spark-sql-kafka-0-10_2.12 added as a dependency
:: resolving dependencies :: org.apache.spark#spark-submit-parent-7dfed93f-4308-4b50-ad99-c346161798e7;1.0
	confs: [default]
	found org.apache.spark#spark-sql-kafka-0-10_2.12;3.0.0 in central
	found org.apache.spark#spark-token-provider-kafka-0-10_2.12;3.0.0 in central
	found org.apache.kafka#kafka-clients;2.4.1 in central
	found com.github.luben#zstd-jni;1.4.4-3 in central
	found org.lz4#lz4-java;1.7.1 in central
	found org.xerial.snappy#snappy-java;1.1.7.5 in central
	found org.slf4j#slf4j-api;1.7.30 in central
	found org.spark-project.spark#unused;1.0.0 in central
	found org.apache.commons#commons-pool2;2.6.2 in central
:: resolution report :: resolve 823ms :: artifacts dl 78ms
	:: modules in use:
	com.github.luben#zstd-jni;1.4.4-3 from central in [default]
	org.apache.commons#commons-pool2;2.6.2 from central in [default]
	org.apache.kafka#kafka-clients;2.4.1 from central in [default]
	org.apache.spark#spark-sql-kafka-0-10_2.12;3.0.0 from central in [default]
	org.apache.spark#spark-token-provider-kafka-0-10_2.12;3.0.0 from central in [default]
	org.lz4#lz4-java;1.7.1 from central in [default]
	org.slf4j#slf4j-api;1.7.30 from central in [default]
	org.spark-project.spark#unused;1.0.0 from central in [default]
	org.xerial.snappy#snappy-java;1.1.7.5 from central in [default]
	---------------------------------------------------------------------
	|                  |            modules            ||   artifacts   |
	|       conf       | number| search|dwnlded|evicted|| number|dwnlded|
	---------------------------------------------------------------------
	|      default     |   9   |   0   |   0   |   0   ||   9   |   0   |
	---------------------------------------------------------------------
:: retrieving :: org.apache.spark#spark-submit-parent-7dfed93f-4308-4b50-ad99-c346161798e7
	confs: [default]
	0 artifacts copied, 9 already retrieved (0kB/25ms)
21/07/14 10:52:14 WARN NativeCodeLoader: Unable to load native-hadoop library for your platform... using builtin-java classes where applicable
Using Spark's default log4j profile: org/apache/spark/log4j-defaults.properties
21/07/14 10:52:15 INFO SparkContext: Running Spark version 3.1.2
21/07/14 10:52:15 INFO ResourceUtils: ==============================================================
21/07/14 10:52:15 INFO ResourceUtils: No custom resources configured for spark.driver.
21/07/14 10:52:15 INFO ResourceUtils: ==============================================================
21/07/14 10:52:15 INFO SparkContext: Submitted application: STEDI-events
21/07/14 10:52:15 INFO ResourceProfile: Default ResourceProfile created, executor resources: Map(cores -> name: cores, amount: 1, script: , vendor: , memory -> name: memory, amount: 1024, script: , vendor: , offHeap -> name: offHeap, amount: 0, script: , vendor: ), task resources: Map(cpus -> name: cpus, amount: 1.0)
21/07/14 10:52:15 INFO ResourceProfile: Limiting resource is cpu
21/07/14 10:52:15 INFO ResourceProfileManager: Added ResourceProfile id: 0
21/07/14 10:52:15 INFO SecurityManager: Changing view acls to: spark
21/07/14 10:52:15 INFO SecurityManager: Changing modify acls to: spark
21/07/14 10:52:15 INFO SecurityManager: Changing view acls groups to: 
21/07/14 10:52:15 INFO SecurityManager: Changing modify acls groups to: 
21/07/14 10:52:15 INFO SecurityManager: SecurityManager: authentication disabled; ui acls disabled; users  with view permissions: Set(spark); groups with view permissions: Set(); users  with modify permissions: Set(spark); groups with modify permissions: Set()
21/07/14 10:52:15 INFO Utils: Successfully started service 'sparkDriver' on port 34687.
21/07/14 10:52:15 INFO SparkEnv: Registering MapOutputTracker
21/07/14 10:52:15 INFO SparkEnv: Registering BlockManagerMaster
21/07/14 10:52:16 INFO BlockManagerMasterEndpoint: Using org.apache.spark.storage.DefaultTopologyMapper for getting topology information
21/07/14 10:52:16 INFO BlockManagerMasterEndpoint: BlockManagerMasterEndpoint up
21/07/14 10:52:16 INFO SparkEnv: Registering BlockManagerMasterHeartbeat
21/07/14 10:52:16 INFO DiskBlockManager: Created local directory at /tmp/blockmgr-652bab23-0c46-4610-a674-843d9e969b1e
21/07/14 10:52:16 INFO MemoryStore: MemoryStore started with capacity 366.3 MiB
21/07/14 10:52:16 INFO SparkEnv: Registering OutputCommitCoordinator
21/07/14 10:52:16 INFO Utils: Successfully started service 'SparkUI' on port 4040.
21/07/14 10:52:16 INFO SparkUI: Bound SparkUI to 0.0.0.0, and started at http://1127a61f386e:4040
21/07/14 10:52:16 INFO SparkContext: Added JAR file:///opt/bitnami/spark/.ivy2/jars/org.apache.spark_spark-sql-kafka-0-10_2.12-3.0.0.jar at spark://1127a61f386e:34687/jars/org.apache.spark_spark-sql-kafka-0-10_2.12-3.0.0.jar with timestamp 1626259935323
21/07/14 10:52:16 INFO SparkContext: Added JAR file:///opt/bitnami/spark/.ivy2/jars/org.apache.spark_spark-token-provider-kafka-0-10_2.12-3.0.0.jar at spark://1127a61f386e:34687/jars/org.apache.spark_spark-token-provider-kafka-0-10_2.12-3.0.0.jar with timestamp 1626259935323
21/07/14 10:52:16 INFO SparkContext: Added JAR file:///opt/bitnami/spark/.ivy2/jars/org.apache.kafka_kafka-clients-2.4.1.jar at spark://1127a61f386e:34687/jars/org.apache.kafka_kafka-clients-2.4.1.jar with timestamp 1626259935323
21/07/14 10:52:16 INFO SparkContext: Added JAR file:///opt/bitnami/spark/.ivy2/jars/org.apache.commons_commons-pool2-2.6.2.jar at spark://1127a61f386e:34687/jars/org.apache.commons_commons-pool2-2.6.2.jar with timestamp 1626259935323
21/07/14 10:52:16 INFO SparkContext: Added JAR file:///opt/bitnami/spark/.ivy2/jars/org.spark-project.spark_unused-1.0.0.jar at spark://1127a61f386e:34687/jars/org.spark-project.spark_unused-1.0.0.jar with timestamp 1626259935323
21/07/14 10:52:16 INFO SparkContext: Added JAR file:///opt/bitnami/spark/.ivy2/jars/com.github.luben_zstd-jni-1.4.4-3.jar at spark://1127a61f386e:34687/jars/com.github.luben_zstd-jni-1.4.4-3.jar with timestamp 1626259935323
21/07/14 10:52:16 INFO SparkContext: Added JAR file:///opt/bitnami/spark/.ivy2/jars/org.lz4_lz4-java-1.7.1.jar at spark://1127a61f386e:34687/jars/org.lz4_lz4-java-1.7.1.jar with timestamp 1626259935323
21/07/14 10:52:16 INFO SparkContext: Added JAR file:///opt/bitnami/spark/.ivy2/jars/org.xerial.snappy_snappy-java-1.1.7.5.jar at spark://1127a61f386e:34687/jars/org.xerial.snappy_snappy-java-1.1.7.5.jar with timestamp 1626259935323
21/07/14 10:52:16 INFO SparkContext: Added JAR file:///opt/bitnami/spark/.ivy2/jars/org.slf4j_slf4j-api-1.7.30.jar at spark://1127a61f386e:34687/jars/org.slf4j_slf4j-api-1.7.30.jar with timestamp 1626259935323
21/07/14 10:52:16 INFO SparkContext: Added file file:///opt/bitnami/spark/.ivy2/jars/org.apache.spark_spark-sql-kafka-0-10_2.12-3.0.0.jar at file:///opt/bitnami/spark/.ivy2/jars/org.apache.spark_spark-sql-kafka-0-10_2.12-3.0.0.jar with timestamp 1626259935323
21/07/14 10:52:16 INFO Utils: Copying /opt/bitnami/spark/.ivy2/jars/org.apache.spark_spark-sql-kafka-0-10_2.12-3.0.0.jar to /tmp/spark-f443d9c1-26e4-4cd9-9866-5eb6c55e0d3f/userFiles-23754561-a432-49f8-913b-cc58a377c690/org.apache.spark_spark-sql-kafka-0-10_2.12-3.0.0.jar
21/07/14 10:52:16 INFO SparkContext: Added file file:///opt/bitnami/spark/.ivy2/jars/org.apache.spark_spark-token-provider-kafka-0-10_2.12-3.0.0.jar at file:///opt/bitnami/spark/.ivy2/jars/org.apache.spark_spark-token-provider-kafka-0-10_2.12-3.0.0.jar with timestamp 1626259935323
21/07/14 10:52:16 INFO Utils: Copying /opt/bitnami/spark/.ivy2/jars/org.apache.spark_spark-token-provider-kafka-0-10_2.12-3.0.0.jar to /tmp/spark-f443d9c1-26e4-4cd9-9866-5eb6c55e0d3f/userFiles-23754561-a432-49f8-913b-cc58a377c690/org.apache.spark_spark-token-provider-kafka-0-10_2.12-3.0.0.jar
21/07/14 10:52:16 INFO SparkContext: Added file file:///opt/bitnami/spark/.ivy2/jars/org.apache.kafka_kafka-clients-2.4.1.jar at file:///opt/bitnami/spark/.ivy2/jars/org.apache.kafka_kafka-clients-2.4.1.jar with timestamp 1626259935323
21/07/14 10:52:16 INFO Utils: Copying /opt/bitnami/spark/.ivy2/jars/org.apache.kafka_kafka-clients-2.4.1.jar to /tmp/spark-f443d9c1-26e4-4cd9-9866-5eb6c55e0d3f/userFiles-23754561-a432-49f8-913b-cc58a377c690/org.apache.kafka_kafka-clients-2.4.1.jar
21/07/14 10:52:16 INFO SparkContext: Added file file:///opt/bitnami/spark/.ivy2/jars/org.apache.commons_commons-pool2-2.6.2.jar at file:///opt/bitnami/spark/.ivy2/jars/org.apache.commons_commons-pool2-2.6.2.jar with timestamp 1626259935323
21/07/14 10:52:16 INFO Utils: Copying /opt/bitnami/spark/.ivy2/jars/org.apache.commons_commons-pool2-2.6.2.jar to /tmp/spark-f443d9c1-26e4-4cd9-9866-5eb6c55e0d3f/userFiles-23754561-a432-49f8-913b-cc58a377c690/org.apache.commons_commons-pool2-2.6.2.jar
21/07/14 10:52:16 INFO SparkContext: Added file file:///opt/bitnami/spark/.ivy2/jars/org.spark-project.spark_unused-1.0.0.jar at file:///opt/bitnami/spark/.ivy2/jars/org.spark-project.spark_unused-1.0.0.jar with timestamp 1626259935323
21/07/14 10:52:16 INFO Utils: Copying /opt/bitnami/spark/.ivy2/jars/org.spark-project.spark_unused-1.0.0.jar to /tmp/spark-f443d9c1-26e4-4cd9-9866-5eb6c55e0d3f/userFiles-23754561-a432-49f8-913b-cc58a377c690/org.spark-project.spark_unused-1.0.0.jar
21/07/14 10:52:16 INFO SparkContext: Added file file:///opt/bitnami/spark/.ivy2/jars/com.github.luben_zstd-jni-1.4.4-3.jar at file:///opt/bitnami/spark/.ivy2/jars/com.github.luben_zstd-jni-1.4.4-3.jar with timestamp 1626259935323
21/07/14 10:52:16 INFO Utils: Copying /opt/bitnami/spark/.ivy2/jars/com.github.luben_zstd-jni-1.4.4-3.jar to /tmp/spark-f443d9c1-26e4-4cd9-9866-5eb6c55e0d3f/userFiles-23754561-a432-49f8-913b-cc58a377c690/com.github.luben_zstd-jni-1.4.4-3.jar
21/07/14 10:52:16 INFO SparkContext: Added file file:///opt/bitnami/spark/.ivy2/jars/org.lz4_lz4-java-1.7.1.jar at file:///opt/bitnami/spark/.ivy2/jars/org.lz4_lz4-java-1.7.1.jar with timestamp 1626259935323
21/07/14 10:52:16 INFO Utils: Copying /opt/bitnami/spark/.ivy2/jars/org.lz4_lz4-java-1.7.1.jar to /tmp/spark-f443d9c1-26e4-4cd9-9866-5eb6c55e0d3f/userFiles-23754561-a432-49f8-913b-cc58a377c690/org.lz4_lz4-java-1.7.1.jar
21/07/14 10:52:16 INFO SparkContext: Added file file:///opt/bitnami/spark/.ivy2/jars/org.xerial.snappy_snappy-java-1.1.7.5.jar at file:///opt/bitnami/spark/.ivy2/jars/org.xerial.snappy_snappy-java-1.1.7.5.jar with timestamp 1626259935323
21/07/14 10:52:16 INFO Utils: Copying /opt/bitnami/spark/.ivy2/jars/org.xerial.snappy_snappy-java-1.1.7.5.jar to /tmp/spark-f443d9c1-26e4-4cd9-9866-5eb6c55e0d3f/userFiles-23754561-a432-49f8-913b-cc58a377c690/org.xerial.snappy_snappy-java-1.1.7.5.jar
21/07/14 10:52:16 INFO SparkContext: Added file file:///opt/bitnami/spark/.ivy2/jars/org.slf4j_slf4j-api-1.7.30.jar at file:///opt/bitnami/spark/.ivy2/jars/org.slf4j_slf4j-api-1.7.30.jar with timestamp 1626259935323
21/07/14 10:52:16 INFO Utils: Copying /opt/bitnami/spark/.ivy2/jars/org.slf4j_slf4j-api-1.7.30.jar to /tmp/spark-f443d9c1-26e4-4cd9-9866-5eb6c55e0d3f/userFiles-23754561-a432-49f8-913b-cc58a377c690/org.slf4j_slf4j-api-1.7.30.jar
21/07/14 10:52:17 INFO Executor: Starting executor ID driver on host 1127a61f386e
21/07/14 10:52:17 INFO Executor: Fetching file:///opt/bitnami/spark/.ivy2/jars/org.apache.spark_spark-token-provider-kafka-0-10_2.12-3.0.0.jar with timestamp 1626259935323
21/07/14 10:52:17 INFO Utils: /opt/bitnami/spark/.ivy2/jars/org.apache.spark_spark-token-provider-kafka-0-10_2.12-3.0.0.jar has been previously copied to /tmp/spark-f443d9c1-26e4-4cd9-9866-5eb6c55e0d3f/userFiles-23754561-a432-49f8-913b-cc58a377c690/org.apache.spark_spark-token-provider-kafka-0-10_2.12-3.0.0.jar
21/07/14 10:52:17 INFO Executor: Fetching file:///opt/bitnami/spark/.ivy2/jars/com.github.luben_zstd-jni-1.4.4-3.jar with timestamp 1626259935323
21/07/14 10:52:17 INFO Utils: /opt/bitnami/spark/.ivy2/jars/com.github.luben_zstd-jni-1.4.4-3.jar has been previously copied to /tmp/spark-f443d9c1-26e4-4cd9-9866-5eb6c55e0d3f/userFiles-23754561-a432-49f8-913b-cc58a377c690/com.github.luben_zstd-jni-1.4.4-3.jar
21/07/14 10:52:17 INFO Executor: Fetching file:///opt/bitnami/spark/.ivy2/jars/org.xerial.snappy_snappy-java-1.1.7.5.jar with timestamp 1626259935323
21/07/14 10:52:17 INFO Utils: /opt/bitnami/spark/.ivy2/jars/org.xerial.snappy_snappy-java-1.1.7.5.jar has been previously copied to /tmp/spark-f443d9c1-26e4-4cd9-9866-5eb6c55e0d3f/userFiles-23754561-a432-49f8-913b-cc58a377c690/org.xerial.snappy_snappy-java-1.1.7.5.jar
21/07/14 10:52:17 INFO Executor: Fetching file:///opt/bitnami/spark/.ivy2/jars/org.apache.kafka_kafka-clients-2.4.1.jar with timestamp 1626259935323
21/07/14 10:52:17 INFO Utils: /opt/bitnami/spark/.ivy2/jars/org.apache.kafka_kafka-clients-2.4.1.jar has been previously copied to /tmp/spark-f443d9c1-26e4-4cd9-9866-5eb6c55e0d3f/userFiles-23754561-a432-49f8-913b-cc58a377c690/org.apache.kafka_kafka-clients-2.4.1.jar
21/07/14 10:52:17 INFO Executor: Fetching file:///opt/bitnami/spark/.ivy2/jars/org.apache.spark_spark-sql-kafka-0-10_2.12-3.0.0.jar with timestamp 1626259935323
21/07/14 10:52:17 INFO Utils: /opt/bitnami/spark/.ivy2/jars/org.apache.spark_spark-sql-kafka-0-10_2.12-3.0.0.jar has been previously copied to /tmp/spark-f443d9c1-26e4-4cd9-9866-5eb6c55e0d3f/userFiles-23754561-a432-49f8-913b-cc58a377c690/org.apache.spark_spark-sql-kafka-0-10_2.12-3.0.0.jar
21/07/14 10:52:17 INFO Executor: Fetching file:///opt/bitnami/spark/.ivy2/jars/org.apache.commons_commons-pool2-2.6.2.jar with timestamp 1626259935323
21/07/14 10:52:17 INFO Utils: /opt/bitnami/spark/.ivy2/jars/org.apache.commons_commons-pool2-2.6.2.jar has been previously copied to /tmp/spark-f443d9c1-26e4-4cd9-9866-5eb6c55e0d3f/userFiles-23754561-a432-49f8-913b-cc58a377c690/org.apache.commons_commons-pool2-2.6.2.jar
21/07/14 10:52:17 INFO Executor: Fetching file:///opt/bitnami/spark/.ivy2/jars/org.spark-project.spark_unused-1.0.0.jar with timestamp 1626259935323
21/07/14 10:52:17 INFO Utils: /opt/bitnami/spark/.ivy2/jars/org.spark-project.spark_unused-1.0.0.jar has been previously copied to /tmp/spark-f443d9c1-26e4-4cd9-9866-5eb6c55e0d3f/userFiles-23754561-a432-49f8-913b-cc58a377c690/org.spark-project.spark_unused-1.0.0.jar
21/07/14 10:52:17 INFO Executor: Fetching file:///opt/bitnami/spark/.ivy2/jars/org.lz4_lz4-java-1.7.1.jar with timestamp 1626259935323
21/07/14 10:52:17 INFO Utils: /opt/bitnami/spark/.ivy2/jars/org.lz4_lz4-java-1.7.1.jar has been previously copied to /tmp/spark-f443d9c1-26e4-4cd9-9866-5eb6c55e0d3f/userFiles-23754561-a432-49f8-913b-cc58a377c690/org.lz4_lz4-java-1.7.1.jar
21/07/14 10:52:17 INFO Executor: Fetching file:///opt/bitnami/spark/.ivy2/jars/org.slf4j_slf4j-api-1.7.30.jar with timestamp 1626259935323
21/07/14 10:52:17 INFO Utils: /opt/bitnami/spark/.ivy2/jars/org.slf4j_slf4j-api-1.7.30.jar has been previously copied to /tmp/spark-f443d9c1-26e4-4cd9-9866-5eb6c55e0d3f/userFiles-23754561-a432-49f8-913b-cc58a377c690/org.slf4j_slf4j-api-1.7.30.jar
21/07/14 10:52:17 INFO Executor: Fetching spark://1127a61f386e:34687/jars/org.apache.spark_spark-sql-kafka-0-10_2.12-3.0.0.jar with timestamp 1626259935323
21/07/14 10:52:17 INFO TransportClientFactory: Successfully created connection to 1127a61f386e/172.27.0.3:34687 after 70 ms (0 ms spent in bootstraps)
21/07/14 10:52:17 INFO Utils: Fetching spark://1127a61f386e:34687/jars/org.apache.spark_spark-sql-kafka-0-10_2.12-3.0.0.jar to /tmp/spark-f443d9c1-26e4-4cd9-9866-5eb6c55e0d3f/userFiles-23754561-a432-49f8-913b-cc58a377c690/fetchFileTemp3889945003001446168.tmp
21/07/14 10:52:17 INFO Utils: /tmp/spark-f443d9c1-26e4-4cd9-9866-5eb6c55e0d3f/userFiles-23754561-a432-49f8-913b-cc58a377c690/fetchFileTemp3889945003001446168.tmp has been previously copied to /tmp/spark-f443d9c1-26e4-4cd9-9866-5eb6c55e0d3f/userFiles-23754561-a432-49f8-913b-cc58a377c690/org.apache.spark_spark-sql-kafka-0-10_2.12-3.0.0.jar
21/07/14 10:52:17 INFO Executor: Adding file:/tmp/spark-f443d9c1-26e4-4cd9-9866-5eb6c55e0d3f/userFiles-23754561-a432-49f8-913b-cc58a377c690/org.apache.spark_spark-sql-kafka-0-10_2.12-3.0.0.jar to class loader
21/07/14 10:52:17 INFO Executor: Fetching spark://1127a61f386e:34687/jars/org.lz4_lz4-java-1.7.1.jar with timestamp 1626259935323
21/07/14 10:52:17 INFO Utils: Fetching spark://1127a61f386e:34687/jars/org.lz4_lz4-java-1.7.1.jar to /tmp/spark-f443d9c1-26e4-4cd9-9866-5eb6c55e0d3f/userFiles-23754561-a432-49f8-913b-cc58a377c690/fetchFileTemp7041613738721431794.tmp
21/07/14 10:52:17 INFO Utils: /tmp/spark-f443d9c1-26e4-4cd9-9866-5eb6c55e0d3f/userFiles-23754561-a432-49f8-913b-cc58a377c690/fetchFileTemp7041613738721431794.tmp has been previously copied to /tmp/spark-f443d9c1-26e4-4cd9-9866-5eb6c55e0d3f/userFiles-23754561-a432-49f8-913b-cc58a377c690/org.lz4_lz4-java-1.7.1.jar
21/07/14 10:52:17 INFO Executor: Adding file:/tmp/spark-f443d9c1-26e4-4cd9-9866-5eb6c55e0d3f/userFiles-23754561-a432-49f8-913b-cc58a377c690/org.lz4_lz4-java-1.7.1.jar to class loader
21/07/14 10:52:17 INFO Executor: Fetching spark://1127a61f386e:34687/jars/org.spark-project.spark_unused-1.0.0.jar with timestamp 1626259935323
21/07/14 10:52:17 INFO Utils: Fetching spark://1127a61f386e:34687/jars/org.spark-project.spark_unused-1.0.0.jar to /tmp/spark-f443d9c1-26e4-4cd9-9866-5eb6c55e0d3f/userFiles-23754561-a432-49f8-913b-cc58a377c690/fetchFileTemp849076479231902666.tmp
21/07/14 10:52:17 INFO Utils: /tmp/spark-f443d9c1-26e4-4cd9-9866-5eb6c55e0d3f/userFiles-23754561-a432-49f8-913b-cc58a377c690/fetchFileTemp849076479231902666.tmp has been previously copied to /tmp/spark-f443d9c1-26e4-4cd9-9866-5eb6c55e0d3f/userFiles-23754561-a432-49f8-913b-cc58a377c690/org.spark-project.spark_unused-1.0.0.jar
21/07/14 10:52:17 INFO Executor: Adding file:/tmp/spark-f443d9c1-26e4-4cd9-9866-5eb6c55e0d3f/userFiles-23754561-a432-49f8-913b-cc58a377c690/org.spark-project.spark_unused-1.0.0.jar to class loader
21/07/14 10:52:17 INFO Executor: Fetching spark://1127a61f386e:34687/jars/org.apache.spark_spark-token-provider-kafka-0-10_2.12-3.0.0.jar with timestamp 1626259935323
21/07/14 10:52:17 INFO Utils: Fetching spark://1127a61f386e:34687/jars/org.apache.spark_spark-token-provider-kafka-0-10_2.12-3.0.0.jar to /tmp/spark-f443d9c1-26e4-4cd9-9866-5eb6c55e0d3f/userFiles-23754561-a432-49f8-913b-cc58a377c690/fetchFileTemp7758070528545666897.tmp
21/07/14 10:52:17 INFO Utils: /tmp/spark-f443d9c1-26e4-4cd9-9866-5eb6c55e0d3f/userFiles-23754561-a432-49f8-913b-cc58a377c690/fetchFileTemp7758070528545666897.tmp has been previously copied to /tmp/spark-f443d9c1-26e4-4cd9-9866-5eb6c55e0d3f/userFiles-23754561-a432-49f8-913b-cc58a377c690/org.apache.spark_spark-token-provider-kafka-0-10_2.12-3.0.0.jar
21/07/14 10:52:17 INFO Executor: Adding file:/tmp/spark-f443d9c1-26e4-4cd9-9866-5eb6c55e0d3f/userFiles-23754561-a432-49f8-913b-cc58a377c690/org.apache.spark_spark-token-provider-kafka-0-10_2.12-3.0.0.jar to class loader
21/07/14 10:52:17 INFO Executor: Fetching spark://1127a61f386e:34687/jars/org.xerial.snappy_snappy-java-1.1.7.5.jar with timestamp 1626259935323
21/07/14 10:52:17 INFO Utils: Fetching spark://1127a61f386e:34687/jars/org.xerial.snappy_snappy-java-1.1.7.5.jar to /tmp/spark-f443d9c1-26e4-4cd9-9866-5eb6c55e0d3f/userFiles-23754561-a432-49f8-913b-cc58a377c690/fetchFileTemp453529872019818266.tmp
21/07/14 10:52:17 INFO Utils: /tmp/spark-f443d9c1-26e4-4cd9-9866-5eb6c55e0d3f/userFiles-23754561-a432-49f8-913b-cc58a377c690/fetchFileTemp453529872019818266.tmp has been previously copied to /tmp/spark-f443d9c1-26e4-4cd9-9866-5eb6c55e0d3f/userFiles-23754561-a432-49f8-913b-cc58a377c690/org.xerial.snappy_snappy-java-1.1.7.5.jar
21/07/14 10:52:17 INFO Executor: Adding file:/tmp/spark-f443d9c1-26e4-4cd9-9866-5eb6c55e0d3f/userFiles-23754561-a432-49f8-913b-cc58a377c690/org.xerial.snappy_snappy-java-1.1.7.5.jar to class loader
21/07/14 10:52:17 INFO Executor: Fetching spark://1127a61f386e:34687/jars/com.github.luben_zstd-jni-1.4.4-3.jar with timestamp 1626259935323
21/07/14 10:52:17 INFO Utils: Fetching spark://1127a61f386e:34687/jars/com.github.luben_zstd-jni-1.4.4-3.jar to /tmp/spark-f443d9c1-26e4-4cd9-9866-5eb6c55e0d3f/userFiles-23754561-a432-49f8-913b-cc58a377c690/fetchFileTemp6950609726156001896.tmp
21/07/14 10:52:17 INFO Utils: /tmp/spark-f443d9c1-26e4-4cd9-9866-5eb6c55e0d3f/userFiles-23754561-a432-49f8-913b-cc58a377c690/fetchFileTemp6950609726156001896.tmp has been previously copied to /tmp/spark-f443d9c1-26e4-4cd9-9866-5eb6c55e0d3f/userFiles-23754561-a432-49f8-913b-cc58a377c690/com.github.luben_zstd-jni-1.4.4-3.jar
21/07/14 10:52:17 INFO Executor: Adding file:/tmp/spark-f443d9c1-26e4-4cd9-9866-5eb6c55e0d3f/userFiles-23754561-a432-49f8-913b-cc58a377c690/com.github.luben_zstd-jni-1.4.4-3.jar to class loader
21/07/14 10:52:17 INFO Executor: Fetching spark://1127a61f386e:34687/jars/org.apache.commons_commons-pool2-2.6.2.jar with timestamp 1626259935323
21/07/14 10:52:17 INFO Utils: Fetching spark://1127a61f386e:34687/jars/org.apache.commons_commons-pool2-2.6.2.jar to /tmp/spark-f443d9c1-26e4-4cd9-9866-5eb6c55e0d3f/userFiles-23754561-a432-49f8-913b-cc58a377c690/fetchFileTemp6257244539282008387.tmp
21/07/14 10:52:17 INFO Utils: /tmp/spark-f443d9c1-26e4-4cd9-9866-5eb6c55e0d3f/userFiles-23754561-a432-49f8-913b-cc58a377c690/fetchFileTemp6257244539282008387.tmp has been previously copied to /tmp/spark-f443d9c1-26e4-4cd9-9866-5eb6c55e0d3f/userFiles-23754561-a432-49f8-913b-cc58a377c690/org.apache.commons_commons-pool2-2.6.2.jar
21/07/14 10:52:17 INFO Executor: Adding file:/tmp/spark-f443d9c1-26e4-4cd9-9866-5eb6c55e0d3f/userFiles-23754561-a432-49f8-913b-cc58a377c690/org.apache.commons_commons-pool2-2.6.2.jar to class loader
21/07/14 10:52:17 INFO Executor: Fetching spark://1127a61f386e:34687/jars/org.apache.kafka_kafka-clients-2.4.1.jar with timestamp 1626259935323
21/07/14 10:52:17 INFO Utils: Fetching spark://1127a61f386e:34687/jars/org.apache.kafka_kafka-clients-2.4.1.jar to /tmp/spark-f443d9c1-26e4-4cd9-9866-5eb6c55e0d3f/userFiles-23754561-a432-49f8-913b-cc58a377c690/fetchFileTemp7346623428193899486.tmp
21/07/14 10:52:17 INFO Utils: /tmp/spark-f443d9c1-26e4-4cd9-9866-5eb6c55e0d3f/userFiles-23754561-a432-49f8-913b-cc58a377c690/fetchFileTemp7346623428193899486.tmp has been previously copied to /tmp/spark-f443d9c1-26e4-4cd9-9866-5eb6c55e0d3f/userFiles-23754561-a432-49f8-913b-cc58a377c690/org.apache.kafka_kafka-clients-2.4.1.jar
21/07/14 10:52:17 INFO Executor: Adding file:/tmp/spark-f443d9c1-26e4-4cd9-9866-5eb6c55e0d3f/userFiles-23754561-a432-49f8-913b-cc58a377c690/org.apache.kafka_kafka-clients-2.4.1.jar to class loader
21/07/14 10:52:17 INFO Executor: Fetching spark://1127a61f386e:34687/jars/org.slf4j_slf4j-api-1.7.30.jar with timestamp 1626259935323
21/07/14 10:52:17 INFO Utils: Fetching spark://1127a61f386e:34687/jars/org.slf4j_slf4j-api-1.7.30.jar to /tmp/spark-f443d9c1-26e4-4cd9-9866-5eb6c55e0d3f/userFiles-23754561-a432-49f8-913b-cc58a377c690/fetchFileTemp7853334007643773138.tmp
21/07/14 10:52:17 INFO Utils: /tmp/spark-f443d9c1-26e4-4cd9-9866-5eb6c55e0d3f/userFiles-23754561-a432-49f8-913b-cc58a377c690/fetchFileTemp7853334007643773138.tmp has been previously copied to /tmp/spark-f443d9c1-26e4-4cd9-9866-5eb6c55e0d3f/userFiles-23754561-a432-49f8-913b-cc58a377c690/org.slf4j_slf4j-api-1.7.30.jar
21/07/14 10:52:17 INFO Executor: Adding file:/tmp/spark-f443d9c1-26e4-4cd9-9866-5eb6c55e0d3f/userFiles-23754561-a432-49f8-913b-cc58a377c690/org.slf4j_slf4j-api-1.7.30.jar to class loader
21/07/14 10:52:17 INFO Utils: Successfully started service 'org.apache.spark.network.netty.NettyBlockTransferService' on port 39185.
21/07/14 10:52:17 INFO NettyBlockTransferService: Server created on 1127a61f386e:39185
21/07/14 10:52:17 INFO BlockManager: Using org.apache.spark.storage.RandomBlockReplicationPolicy for block replication policy
21/07/14 10:52:17 INFO BlockManagerMaster: Registering BlockManager BlockManagerId(driver, 1127a61f386e, 39185, None)
21/07/14 10:52:17 INFO BlockManagerMasterEndpoint: Registering block manager 1127a61f386e:39185 with 366.3 MiB RAM, BlockManagerId(driver, 1127a61f386e, 39185, None)
21/07/14 10:52:17 INFO BlockManagerMaster: Registered BlockManager BlockManagerId(driver, 1127a61f386e, 39185, None)
21/07/14 10:52:17 INFO BlockManager: Initialized BlockManager: BlockManagerId(driver, 1127a61f386e, 39185, None)
21/07/14 10:52:18 INFO SharedState: Setting hive.metastore.warehouse.dir ('null') to the value of spark.sql.warehouse.dir ('file:/opt/bitnami/spark/spark-warehouse').
21/07/14 10:52:18 INFO SharedState: Warehouse path is 'file:/opt/bitnami/spark/spark-warehouse'.
21/07/14 10:52:23 WARN StreamingQueryManager: Temporary checkpoint location created which is deleted normally when the query didn't fail: /tmp/temporary-b562a893-df63-47f0-9f2b-e0b4e79de3c9. If it's required to delete it under any circumstances, please set spark.sql.streaming.forceDeleteTempCheckpointLocation to true. Important to know deleting temp checkpoint folder is best effort.
-------------------------------------------
Batch: 0
-------------------------------------------
+--------------------+-----+
|            customer|score|
+--------------------+-----+
|Jerry.Mitra@test.com|-34.5|
|Sean.Harris@test.com| 11.0|
|Ashley.Staples@te...|-10.5|
|Travis.Khatib@tes...|-10.5|
|Danny.Doshi@test.com|-22.0|
|Larry.Ahmed@test.com| -2.0|
|Chris.Staples@tes...| -4.5|
|Danny.Davis@test.com| -2.0|
|   Larry.Wu@test.com| -4.0|
|  Lyn.Doshi@test.com| -4.5|
|Ashley.Anderson@t...| -2.0|
|Chris.Spencer@tes...| -6.0|
|Angie.Lincoln@tes...| -4.0|
|Jacob.Davis@test.com| -1.0|
|Trevor.Jones@test...| -2.5|
+--------------------+-----+

-------------------------------------------
Batch: 1
-------------------------------------------
+--------------------+-----+
|            customer|score|
+--------------------+-----+
|Larry.Phillips@te...| -3.5|
|Suresh.Clayton@te...|-13.0|
+--------------------+-----+

-------------------------------------------
Batch: 2
-------------------------------------------
+------------------+-----+
|          customer|score|
+------------------+-----+
|Dan.Jones@test.com| 28.5|
+------------------+-----+

^CTraceback (most recent call last):
  File "/home/workspace/project/starter/sparkpyeventskafkastreamtoconsole.py", line 57, in <module>
    .format('console') \
  File "/opt/bitnami/spark/python/lib/pyspark.zip/pyspark/sql/streaming.py", line 101, in awaitTermination
  File "/opt/bitnami/spark/python/lib/py4j-0.10.9-src.zip/py4j/java_gateway.py", line 1303, in __call__
  File "/opt/bitnami/spark/python/lib/py4j-0.10.9-src.zip/py4j/java_gateway.py", line 1033, in send_command
  File "/opt/bitnami/spark/python/lib/py4j-0.10.9-src.zip/py4j/java_gateway.py", line 1200, in send_command
  File "/opt/bitnami/python/lib/python3.6/socket.py", line 586, in readinto
    return self._sock.recv_into(b)
  File "/opt/bitnami/spark/python/lib/pyspark.zip/pyspark/context.py", line 285, in signal_handler
KeyboardInterrupt
