[38;5;6m [38;5;5m10:48:22.68 [0m
[38;5;6m [38;5;5m10:48:22.68 [0m[1mWelcome to the Bitnami spark container[0m
[38;5;6m [38;5;5m10:48:22.68 [0mSubscribe to project updates by watching [1mhttps://github.com/bitnami/bitnami-docker-spark[0m
[38;5;6m [38;5;5m10:48:22.68 [0mSubmit issues and feature requests at [1mhttps://github.com/bitnami/bitnami-docker-spark/issues[0m
[38;5;6m [38;5;5m10:48:22.68 [0m
[38;5;6m [38;5;5m10:48:22.69 [0m[38;5;2mINFO [0m ==> ** Starting Spark setup **
[38;5;6m [38;5;5m10:48:22.72 [0m[38;5;2mINFO [0m ==> Generating Spark configuration file...
[38;5;6m [38;5;5m10:48:22.72 [0m[38;5;2mINFO [0m ==> ** Spark setup finished! **

[38;5;6m [38;5;5m10:48:22.74 [0m[38;5;2mINFO [0m ==> ** Starting Spark in master mode **
starting org.apache.spark.deploy.master.Master, logging to /opt/bitnami/spark/logs/spark--org.apache.spark.deploy.master.Master-1-1127a61f386e.out
Spark Command: /opt/bitnami/java/bin/java -cp /opt/bitnami/spark/conf/:/opt/bitnami/spark/jars/* -Xmx1g org.apache.spark.deploy.master.Master --host 1127a61f386e --port 7077 --webui-port 8080
========================================
Using Spark's default log4j profile: org/apache/spark/log4j-defaults.properties
21/07/14 10:48:24 INFO Master: Started daemon with process name: 40@1127a61f386e
21/07/14 10:48:24 INFO SignalUtils: Registering signal handler for TERM
21/07/14 10:48:24 INFO SignalUtils: Registering signal handler for HUP
21/07/14 10:48:24 INFO SignalUtils: Registering signal handler for INT
21/07/14 10:48:25 WARN NativeCodeLoader: Unable to load native-hadoop library for your platform... using builtin-java classes where applicable
21/07/14 10:48:26 INFO SecurityManager: Changing view acls to: spark
21/07/14 10:48:26 INFO SecurityManager: Changing modify acls to: spark
21/07/14 10:48:26 INFO SecurityManager: Changing view acls groups to: 
21/07/14 10:48:26 INFO SecurityManager: Changing modify acls groups to: 
21/07/14 10:48:26 INFO SecurityManager: SecurityManager: authentication disabled; ui acls disabled; users  with view permissions: Set(spark); groups with view permissions: Set(); users  with modify permissions: Set(spark); groups with modify permissions: Set()
21/07/14 10:48:27 INFO Utils: Successfully started service 'sparkMaster' on port 7077.
21/07/14 10:48:27 INFO Master: Starting Spark master at spark://1127a61f386e:7077
21/07/14 10:48:27 INFO Master: Running Spark version 3.1.2
21/07/14 10:48:28 INFO Utils: Successfully started service 'MasterUI' on port 8080.
21/07/14 10:48:28 INFO MasterWebUI: Bound MasterWebUI to 0.0.0.0, and started at http://1127a61f386e:8080
21/07/14 10:48:29 INFO Master: I have been elected leader! New state: ALIVE
21/07/14 10:48:30 INFO Master: Registering worker 172.27.0.2:38311 with 1 cores, 1024.0 MiB RAM
