[38;5;6m [38;5;5m10:48:22.53 [0m
[38;5;6m [38;5;5m10:48:22.53 [0m[1mWelcome to the Bitnami spark container[0m
[38;5;6m [38;5;5m10:48:22.54 [0mSubscribe to project updates by watching [1mhttps://github.com/bitnami/bitnami-docker-spark[0m
[38;5;6m [38;5;5m10:48:22.54 [0mSubmit issues and feature requests at [1mhttps://github.com/bitnami/bitnami-docker-spark/issues[0m
[38;5;6m [38;5;5m10:48:22.54 [0m
[38;5;6m [38;5;5m10:48:22.55 [0m[38;5;2mINFO [0m ==> ** Starting Spark setup **
[38;5;6m [38;5;5m10:48:22.56 [0m[38;5;2mINFO [0m ==> Generating Spark configuration file...
[38;5;6m [38;5;5m10:48:22.57 [0m[38;5;2mINFO [0m ==> ** Spark setup finished! **

[38;5;6m [38;5;5m10:48:22.59 [0m[38;5;2mINFO [0m ==> ** Starting Spark in worker mode **
This script is deprecated, use start-worker.sh
starting org.apache.spark.deploy.worker.Worker, logging to /opt/bitnami/spark/logs/spark--org.apache.spark.deploy.worker.Worker-1-3a6b74e0dad2.out
Spark Command: /opt/bitnami/java/bin/java -cp /opt/bitnami/spark/conf/:/opt/bitnami/spark/jars/* -Xmx1g org.apache.spark.deploy.worker.Worker --webui-port 8081 spark://spark:7077
========================================
Using Spark's default log4j profile: org/apache/spark/log4j-defaults.properties
21/07/14 10:48:24 INFO Worker: Started daemon with process name: 42@3a6b74e0dad2
21/07/14 10:48:24 INFO SignalUtils: Registering signal handler for TERM
21/07/14 10:48:24 INFO SignalUtils: Registering signal handler for HUP
21/07/14 10:48:24 INFO SignalUtils: Registering signal handler for INT
21/07/14 10:48:25 WARN NativeCodeLoader: Unable to load native-hadoop library for your platform... using builtin-java classes where applicable
21/07/14 10:48:26 INFO SecurityManager: Changing view acls to: spark
21/07/14 10:48:26 INFO SecurityManager: Changing modify acls to: spark
21/07/14 10:48:26 INFO SecurityManager: Changing view acls groups to: 
21/07/14 10:48:26 INFO SecurityManager: Changing modify acls groups to: 
21/07/14 10:48:26 INFO SecurityManager: SecurityManager: authentication disabled; ui acls disabled; users  with view permissions: Set(spark); groups with view permissions: Set(); users  with modify permissions: Set(spark); groups with modify permissions: Set()
21/07/14 10:48:27 INFO Utils: Successfully started service 'sparkWorker' on port 38311.
21/07/14 10:48:27 INFO Worker: Worker decommissioning not enabled, SIGPWR will result in exiting.
21/07/14 10:48:28 INFO Worker: Starting Spark worker 172.27.0.2:38311 with 1 cores, 1024.0 MiB RAM
21/07/14 10:48:28 INFO Worker: Running Spark version 3.1.2
21/07/14 10:48:28 INFO Worker: Spark home: /opt/bitnami/spark
21/07/14 10:48:28 INFO ResourceUtils: ==============================================================
21/07/14 10:48:28 INFO ResourceUtils: No custom resources configured for spark.worker.
21/07/14 10:48:28 INFO ResourceUtils: ==============================================================
21/07/14 10:48:29 INFO Utils: Successfully started service 'WorkerUI' on port 8081.
21/07/14 10:48:29 INFO WorkerWebUI: Bound WorkerWebUI to 0.0.0.0, and started at http://3a6b74e0dad2:8081
21/07/14 10:48:29 INFO Worker: Connecting to master spark:7077...
21/07/14 10:48:29 INFO TransportClientFactory: Successfully created connection to spark/172.27.0.3:7077 after 260 ms (0 ms spent in bootstraps)
21/07/14 10:48:30 INFO Worker: Successfully registered with master spark://1127a61f386e:7077
